core id num=1
ROM : START=0x0 SIZE=2048
RAM : START=0x200000 SIZE=2048
RAM : START=0x5ff7000 SIZE=10240
RAM : START=0x7ff7000 SIZE=10240
ELF SET CACHE RIGION:addr=0x0 size=160 [KB]
Elf loading was succeeded:0x0 - 0x280dc : 160.220 KB
Elf loading was succeeded:0x280dc - 0x2864c : 1.368 KB
ELF SYMBOL SECTION LOADED:index=105
ELF SYMBOL SECTION LOADED:sym_num=1576
ELF STRING TABLE SECTION LOADED:index=106
[ l_app runner: V850E2M VCPU is powered on ]
DEBUG_FUNC_VDEV_TX_IPADDR = 172.27.224.1
VDEV:TX IPADDR=172.27.224.1
VDEV:TX PORTNO=54001
DEBUG_FUNC_VDEV_RX_IPADDR = 172.27.234.200
VDEV:RX IPADDR=172.27.234.200
VDEV:RX PORTNO=54002
DEVICE_CONFIG_COMPLEMENTAL_TX_SENDING=1
DEVICE_CONFIG_RESET_AREA_OFFSET=68
DEVICE_CONFIG_RESET_AREA_SIZE=20
DEBUG_FUNC_FT_LOG_SIZE=1024
athrill_device_func_call=0x200564
[ l_app runner: Athrill2 is booted up ]
brick_dri initialized.
_____   ______ ___  ______
/ __/ | / /_  // _ /_  __/
/ _/ | |/ //_ </ , _/ / /
/___/ |___/____/_/|_| /_/

====================>Beta 7<=

Powered by TOPPERS/ASP3 RTOS of Hakoniwa
Initialization is completed..
[ l_app runner: EV3RT is booted up ]
[ l_app runner: EV3RT boot time: 1 secs. ]
mDelayMs: 1000000
-2
14690
6
-2
14690
6
0
14690
6
2
14690
6
8
14690
6
16
14690
6
25
14690
6
33
14690
6
41
14690
6
49
14690
6
58
14690
6
62
14690
6
68
14690
6
76
14690
6
83
14690
6
92
14690
6
101
14690
6
108
14690
6
116
14690
6
120
14690
6
127
14690
6
133
14690
1
141
14690
1
150
14690
1
158
14690
1
166
14690
1
174
14690
1
182
14690
1
189
14690
1
196
14690
1
204
14690
1
211
14690
1
219
14690
1
226
14690
1
234
14690
1
241
14690
1
249
14690
1
257
14690
1
265
14690
1
272
14690
1
280
14690
1
288
14690
1
296
14690
1
304
14690
1
312
14690
1
321
14690
1
329
14690
1
336
14690
1
345
14690
1
353
14690
1
362
14690
1
370
14690
1
378
14690
1
387
14690
1
394
14690
1
403
14690
1
411
14690
1
419
14690
1
428
14690
1
436
14690
1
444
14690
1
453
14690
1
460
14690
1
469
14690
1
478
14690
1
486
14690
1
494
14690
1
502
14690
1
511
14690
1
519
14690
1
526
14690
1
535
14690
1
543
14690
1
552
14690
1
560
14690
1
568
14690
1
577
14690
1
585
14690
1
593
14690
1
602
14690
1
610
14690
1
618
14690
1
627
14690
1
635
14690
1
643
14690
6
652
14690
6
660
14690
6
668
14690
6
676
14690
6
685
14690
6
693
14690
6
702
14690
6
709
14690
6
718
14690
6
726
14690
6
734
14690
6
743
14690
6
751
14690
6
760
14690
6
767
14690
1
776
14690
1
785
14690
1
792
14690
1
801
14690
1
809
14690
1
818
14690
1
826
14690
1
833
14690
1
842
14690
1
850
14690
1
859
14690
1
867
14690
1
875
14690
1
883
14690
1
892
14690
1
900
14690
1
909
14690
1
917
14690
1
925
14690
1
933
14690
1
942
14690
1
950
14690
1
959
14690
1
966
14690
1
974
14690
1
983
14690
1
991
14690
1
1000
14690
1
1008
14690
1
1016
14690
1
1025
14690
1
1032
14690
1
1041
14690
1
1049
14690
1
1058
14690
1
1067
14690
1
1074
14690
1
1083
14690
1
1091
14690
1
1099
14690
1
1107
14690
1
1116
14690
1
1124
14690
1
1133
14690
1
1141
14690
1
1149
14690
1
1158
14690
1
1166
14690
1
1174
14690
1
1182
14690
1
1190
14690
1
1198
14690
1
1206
14690
1
1216
14690
1
1223
14690
1
1231
14690
1
1240
14690
1
1248
14690
1
1257
14690
1
1265
14690
1
1274
14690
1
1282
14690
1
1290
14690
1
1298
14690
1
1306
14690
1
1315
14690
1
1323
14690
1
1331
14690
1
1339
14690
1
1348
14690
1
1356
14690
1
1365
14690
1
1372
14690
1
1381
14690
1
1389
14690
1
1398
14690
1
1406
14690
1
1414
14690
1
1423
14690
1
1431
14690
1
1439
14690
1
1448
14690
1
1456
14690
1
1464
14690
1
1472
14690
1
1480
14690
1
1489
14690
1
1506
14690
1
1506
14690
1
1514
14690
1
1522
14690
1
1530
14690
1
1539
14690
1
1547
14690
1
1563
14690
1
1563
14690
1
1571
14690
1
1580
14690
1
1588
14690
1
1597
14690
1
1604
14690
1
1613
14690
1
1621
14690
1
1630
14690
1
1638
14690
1
1646
14690
1
1654
14690
1
1663
14690
1
1671
14690
1
1688
14690
1
1688
14690
1
1696
14690
1
1713
14690
1
1713
14690
1
1729
14690
1
1729
14690
1
1738
14690
1
1754
14690
1
1754
14690
1
1770
14690
1
1770
14690
1
1778
14690
1
1795
14690
1
1795
14690
1
1811
14690
1
1811
14690
1
1820
14690
1
1836
14690
1
1836
14690
1
1853
14690
1
1853
14690
1
1862
14690
1
1879
14690
1
1879
14690
1
1894
14690
1
1894
14690
1
1903
14690
1
1920
14690
1
1920
14690
1
1937
14690
1
1937
14690
1
1945
14690
1
1962
14690
1
1962
14690
1
1978
14690
1
1978
14690
1
1987
14690
1
2003
14690
1
2003
14690
1
2020
14690
1
2020
14690
1
2028
14690
1
2044
14690
1
2044
14690
1
2061
14690
1
2061
14690
1
2069
14690
1
2086
14690
1
2086
14690
1
2102
14690
1
2102
14690
1
2111
14690
1
2127
14690
1
2127
14690
1
2144
14690
1
2144
14690
1
2152
14690
1
2168
14690
1
2168
14690
1
2185
14690
1
2185
14690
1
2193
14690
1
2210
14690
1
2210
14690
1
2226
14690
1
2226
14690
1
2235
14690
1
2251
14690
1
2251
14690
1
2268
14690
1
2268
14690
1
2276
14690
1
2293
14690
1
2293
14690
1
2309
14690
1
2309
14690
1
2318
14690
1
2334
14690
1
2334
14690
1
2351
14690
1
2351
14690
1
2359
14690
1
2375
14690
1
2375
14690
1
2392
14690
1
2392
14690
1
2400
14690
1
2417
14690
1
2417
14690
1
2433
14690
1
2433
14690
1
2442
14690
1
2458
14690
1
2458
14690
1
2475
14690
1
2475
14690
1
2483
14690
1
2500
14690
1
2500
14690
1
2517
14690
1
2517
14690
1
2525
14690
1
2541
14690
1
2541
14690
1
2558
14690
1
2558
14690
1
2566
14690
1
2583
14690
1
2583
14690
1
2599
14690
1
2599
14690
1
2607
14690
1
2624
14690
1
2624
14690
1
2641
14690
1
2641
14690
1
2649
14690
1
2666
14690
1
2666
14690
1
2682
14690
1
2682
14690
1
2691
14690
1
2707
14690
1
2707
14690
1
2724
14690
1
2724
14690
1
2731
14690
1
2748
14690
1
2748
14690
1
2764
14690
1
2764
14690
1
2773
14690
1
2789
14690
1
2789
14690
1
2806
14690
1
2806
14690
1
2814
14690
1
2832
14690
1
2832
14690
1
2848
14690
1
2848
14690
1
2856
14690
1
2872
14690
1
2872
14690
1
2890
14690
1
2890
14690
1
2898
14690
1
2914
14690
1
2914
14690
1
2931
14690
1
2931
14690
1
2939
14690
1
2956
14690
1
2956
14690
1
2972
14690
1
2972
14690
1
2981
14690
1
2997
14690
1
2997
14690
1
3014
14690
1
3014
14690
1
3022
14690
1
3038
14690
1
3038
14690
1
3055
14690
1
3055
14690
1
3063
14690
1
3080
14690
1
3080
14690
1
3096
14690
1
3096
14690
1
3104
14690
1
3122
14690
1
3122
14690
1
3138
14690
1
3138
14690
1
3146
14690
1
3163
14690
1
3163
14690
1
3180
14690
1
3180
14690
1
3188
14690
1
3204
14690
1
3204
14690
1
3221
14690
1
3221
14690
1
3229
14690
1
3246
14690
1
3246
14690
1
3262
14690
1
3262
14690
1
3271
14690
1
3287
14690
1
3287
14690
1
3304
14690
1
3304
14690
1
3312
14690
1
3329
14690
1
3329
14690
1
3345
14690
1
3345
14690
1
3354
14690
1
3370
14690
1
3370
14690
1
3386
14690
1
3386
14690
1
3394
14690
1
3411
14690
1
3411
14690
1
3428
14690
1
3428
14690
1
3436
14690
1
3453
14690
1
3453
14690
1
3469
14690
1
3469
14690
1
3477
14690
1
3494
14690
1
3494
14690
1
3510
14690
1
3510
14690
1
3519
14690
1
3535
14690
1
3535
14690
1
3552
14690
1
3552
14690
1
3560
14690
1
3576
14690
1
3576
14690
1
3593
14690
1
3593
14690
1
3601
14690
1
3619
14690
1
3619
14690
1
3635
14690
1
3635
14690
1
3643
14690
1
3660
14690
1
3660
14690
1
3676
14690
1
3676
14690
1
3684
14690
1
3701
14690
1
3701
14690
1
3718
14690
1
3718
14690
1
3726
14690
1
3743
14690
1
3743
14690
1
3759
14690
1
3759
14690
1
3768
14690
1
3784
14690
1
3784
14690
1
3801
14690
1
3801
14690
1
3809
14690
1
3826
14690
1
3826
14690
1
3842
14690
1
3842
14690
1
3850
14690
1
3867
14690
1
3867
14690
1
3883
14690
1
3883
14690
1
3891
14690
1
3908
14690
1
3908
14690
1
3925
14690
1
3925
14690
1
3933
14690
1
3949
14690
1
3949
14690
1
3967
14690
1
3967
14690
1
3975
14690
1
3991
14690
1
3991
14690
1
4008
14690
1
4008
14690
1
4016
14690
1
4033
14690
1
4033
14690
1
4049
14690
1
4049
14690
1
4057
14690
1
4074
14690
1
4074
14690
1
4091
14690
1
4091
14690
1
4099
14690
1
4115
14690
1
4115
14690
1
4132
14690
1
4132
14690
1
4140
14690
1
4157
14690
1
4157
14690
1
4174
14690
1
4174
14690
1
4182
14690
1
4198
14690
1
4198
14690
1
4215
14690
1
4215
14690
1
4223
14690
1
4240
14690
1
4240
14690
1
4256
14690
1
4256
14690
1
4264
14690
1
4281
14690
1
4281
14690
1
4297
14690
1
4297
14690
1
4306
14690
1
4323
14690
1
4323
14690
1
4340
14690
1
4340
14690
1
4348
14690
1
4364
14690
1
4364
14690
1
4381
14690
1
4381
14690
1
4389
14690
1
4405
14690
1
4405
14690
1
4422
14690
1
4422
14690
1
4431
14690
1
4447
14690
1
4447
14690
1
4463
14690
1
4463
14690
1
4472
14690
1
4488
14690
1
4488
14690
1
4505
14690
1
4505
14690
1
4513
14690
1
4530
14690
1
4530
14690
1
4547
14690
1
4547
14690
1
4555
14690
1
4572
14690
1
4572
14690
1
4588
14690
1
4588
14690
1
4597
14690
1
4613
14690
1
4613
14690
1
4629
14690
1
4629
14690
1
4638
14690
1
4654
14690
1
4654
14690
1
4671
14690
1
4671
14690
1
4679
14690
1
4696
14690
1
4696
14690
1
4713
14690
1
4713
14690
1
4721
14690
1
4737
14690
1
4737
14690
1
4754
14690
1
4754
14690
1
4762
14690
1
4779
14690
1
4779
14690
1
4795
14690
1
4795
14690
1
4804
14690
1
4820
14690
1
4820
14690
1
4836
14690
1
4836
14690
1
4845
14690
1
4861
14690
1
4861
14690
1
4878
14690
1
4878
14690
1
4886
14690
1
4903
14690
1
4903
14690
1
4919
14690
1
4919
14690
1
4928
14690
1
4944
14690
1
4944
14690
1
4961
14690
1
4961
14690
1
4969
14690
1
4985
14690
1
4985
14690
1
5003
14690
1
5003
14690
1
5011
14690
1
5028
14690
1
5028
14690
1
5044
14690
1
5044
14690
1
5052
14690
1
5069
14690
1
5069
14690
1
5085
14690
1
5085
14690
1
5093
14690
1
5110
14690
1
5110
14690
1
5127
14690
1
5127
14690
1
5135
14690
1
5152
14690
1
5152
14690
1
5168
14690
1
5168
14690
1
5177
14690
1
5193
14690
1
5193
14690
1
5210
14690
1
5210
14690
1
5218
14690
1
5234
14690
1
5234
14690
1
5251
14690
1
5251
14690
1
5259
14690
1
5276
14690
1
5276
14690
1
5292
14690
1
5292
14690
1
5300
14690
1
5318
14690
1
5318
14690
1
5334
14690
1
5334
14690
1
5342
14690
1
5359
14690
1
5359
14690
1
5376
14690
1
5376
14690
1
5384
14690
1
5400
14690
1
5400
14690
1
5417
14690
1
5417
14690
1
5425
14690
1
5442
14690
1
5442
14690
1
5458
14690
1
5458
14690
1
5466
14690
1
5483
14690
1
5483
14690
1
5500
14690
1
5500
14690
1
5509
14690
1
5525
14690
1
5525
14690
1
5541
14690
1
5541
14690
1
5550
14690
1
5566
14690
1
5566
14690
1
5583
14690
1
5583
14690
1
5592
14690
1
5608
14690
1
5608
14690
1
5625
14690
1
5625
14690
1
5633
14690
1
5649
14690
1
5649
14690
1
5666
14690
1
5666
14690
1
5674
14690
1
5691
14690
1
5691
14690
1
5707
14690
1
5707
14690
1
5715
14690
1
5732
14690
1
5732
14690
1
5748
14690
1
5748
14690
1
5758
14690
1
5774
14690
1
5774
14690
1
5790
14690
1
5790
14690
1
5798
14690
1
5816
14690
1
5816
14690
1
5832
14690
1
5832
14690
1
5840
14690
1
5857
14690
1
5857
14690
1
5873
14690
1
5873
14690
1
5881
14690
1
5898
14690
1
5898
14690
1
5915
14690
1
5915
14690
1
5924
14690
1
5940
14690
1
5940
14690
1
5957
14690
1
5957
14690
1
5965
14690
1
5981
14690
1
5981
14690
1
5998
14690
1
5998
14690
1
6006
14690
1
6023
14690
1
6023
14690
1
6040
14690
1
6040
14690
1
6048
14690
1
6065
14690
1
6065
14690
1
6081
14690
1
6081
14690
1
6089
14690
1
6106
14690
1
6106
14690
1
6122
14690
1
6122
14690
1
6131
14690
1
6147
14690
1
6147
14690
1
6164
14690
1
6164
14690
1
6172
14690
1
6189
14690
1
6189
14690
1
6205
14690
1
6205
14690
1
6214
14690
1
6230
14690
1
6230
14690
1
6247
14690
1
6247
14690
1
6255
14690
1
6272
14690
1
6272
14690
1
6289
14690
1
6289
14690
1
6297
14690
1
6313
14690
1
6313
14690
1
6331
14690
1
6331
14690
1
6339
14690
1
6355
14690
1
6355
14690
1
6372
14690
1
6372
14690
1
6380
14690
1
6397
14690
1
6397
14690
1
6414
14690
1
6414
14690
1
6422
14690
1
6439
14690
1
6439
14690
1
6455
14690
1
6455
14690
1
6463
14690
1
6481
14690
1
6481
14690
1
6497
14690
1
6497
14690
1
6505
14690
1
6521
14690
1
6521
14690
1
6539
14690
1
6539
14690
1
6547
14690
1
6563
14690
1
6563
14690
1
6579
14690
1
6579
14690
1
6589
14690
1
6605
14690
1
6605
14690
1
6622
14690
1
6622
14690
1
6630
14690
1
6646
14690
1
6646
14690
1
6663
14690
1
6663
14690
1
6671
14690
1
6688
14690
1
6688
14690
1
6704
14690
1
6704
14690
1
6712
14690
1
6729
14690
1
6729
14690
1
6746
14690
1
6746
14690
1
6754
14690
1
6771
14690
1
6771
14690
1
6787
14690
1
6787
14690
1
6795
14690
1
6813
14690
1
6813
14690
1
6829
14690
1
6829
14690
1
6837
14690
1
6854
14690
1
6854
14690
1
6870
14690
1
6870
14690
1
6879
14690
1
6895
14690
1
6895
14690
1
6911
14690
1
6911
14690
1
6920
14690
1
6937
14690
1
6937
14690
1
6953
14690
1
6953
14690
1
6962
14690
1
6978
14690
1
6978
14690
1
6995
14690
1
6995
14690
1
7003
14690
1
7019
14690
1
7019
14690
1
7037
14690
1
7037
14690
1
7045
14690
1
7061
14690
1
7061
14690
1
7078
14690
1
7078
14690
1
7086
14690
1
7103
14690
1
7103
14690
1
7119
14690
1
7119
14690
1
7127
14690
1
7144
14690
1
7144
14690
1
7160
14690
1
7160
14690
1
7168
14690
1
7186
14690
1
7186
14690
1
7202
14690
1
7202
14690
1
7210
14690
1
7228
14690
1
7228
14690
1
7244
14690
1
7244
14690
1
7252
14690
1
7269
14690
1
7269
14690
1
7285
14690
1
7285
14690
1
7293
14690
1
7310
14690
1
7310
14690
1
7327
14690
1
7327
14690
1
7335
14690
1
7351
14690
1
7351
14690
1
7368
14690
1
7368
14690
1
7376
14690
1
7392
14690
1
7392
14690
1
7409
14690
1
7409
14690
1
7418
14690
1
7434
14690
1
7434
14690
1
7451
14690
1
7451
14690
1
7459
14690
1
7476
14690
1
7476
14690
1
7492
14690
1
7492
14690
1
7500
14690
1
7517
14690
1
7517
14690
1
7534
14690
1
7534
14690
1
7542
14690
1
7558
14690
1
7558
14690
1
7575
14690
1
7575
14690
1
7583
14690
1
7600
14690
1
7600
14690
1
7616
14690
1
7616
14690
1
7624
14690
1
7641
14690
1
7641
14690
1
7657
14690
1
7657
14690
1
7666
14690
1
7683
14690
1
7683
14690
1
7699
14690
6
7699
14690
6
7708
14690
6
7724
14690
6
7724
14690
6
7741
14690
6
7741
14690
6
7749
14690
6
7766
14690
6
7766
14690
6
7782
14690
6
7782
14690
6
7790
14690
6
7806
14690
6
7806
14690
6
7822
14690
6
7822
14690
6
7829
14690
6
7845
14690
6
7845
14690
6
7860
14690
6
7860
14690
6
7867
14690
6
7882
14690
6
7882
14690
6
7897
14690
6
7897
14690
6
7905
14690
6
7919
14690
6
7919
14690
6
7933
14690
6
7933
14690
6
7940
14690
6
7954
14690
6
7954
14690
6
7969
14690
6
7969
14690
6
7976
14690
6
7990
14690
6
7990
14690
6
8005
14690
6
8005
14690
6
8012
14690
6
8026
14690
6
8026
14690
6
8040
14690
6
8040
14690
6
8047
14690
6
8061
14690
6
8061
14690
6
8076
14690
6
8076
14690
6
8083
14690
6
8096
14690
6
8096
14690
6
8111
14690
6
8111
14690
6
8117
14690
6
8131
14690
6
8131
14690
6
8145
14690
6
8145
14690
6
8152
14690
6
8166
14690
6
8166
14690
6
8180
14690
6
8180
14690
6
8187
14690
6
8203
14690
6
8203
14690
6
8217
14690
6
8217
14690
6
8224
14690
6
8238
14690
6
8238
14690
6
8253
14690
6
8253
14690
6
8260
14690
6
8275
14690
6
8275
14690
6
8289
14690
6
8289
14690
6
8297
14690
6
8312
14690
6
8312
14690
6
8328
14690
6
8328
14690
6
8336
14690
6
8351
14690
6
8351
14690
6
8367
14690
6
8367
14690
6
8376
14690
6
8392
14690
6
8392
14690
6
8409
14690
6
8409
14690
6
8416
14690
1
8434
14690
1
8434
14690
1
8450
14690
1
8450
14690
1
8458
14690
1
8474
14690
6
8474
14690
6
8491
14690
6
8491
14690
6
8499
14690
6
8515
14690
6
8515
14690
6
8532
14690
6
8532
14690
6
8541
14690
6
8557
14690
6
8557
14690
6
8573
14690
6
8573
14690
6
8582
14690
6
8599
14690
6
8599
14690
6
8615
14690
6
8615
14690
6
8624
14690
1
8640
14690
1
8640
14690
1
8657
14690
1
8657
14690
1
8665
14690
1
8682
14690
1
8682
14690
1
8698
14690
1
8698
14690
1
8707
14690
1
8724
14690
1
8724
14690
1
8740
14690
1
8740
14690
1
8748
14690
1
8765
14690
1
8765
14690
1
8781
14690
1
8781
14690
1
8790
14690
1
8806
14690
1
8806
14690
1
8823
14690
1
8823
14690
1
8831
14690
1
8847
14690
1
8847
14690
1
8864
14690
1
8864
14690
1
8873
14690
1
8889
14690
1
8889
14690
1
8906
14690
1
8906
14690
1
8913
14690
1
8930
14690
1
8930
14690
1
8947
14690
1
8947
14690
1
8955
14690
1
8972
14690
1
8972
14690
1
8988
14690
1
8988
14690
1
8997
14690
1
9014
14690
1
9014
14690
1
9030
14690
1
9030
14690
1
9038
14690
1
9055
14690
1
9055
14690
1
9071
14690
1
9071
14690
1
9080
14690
1
9096
14690
1
9096
14690
1
9113
14690
1
9113
14690
1
9121
14690
1
9138
14690
1
9138
14690
1
9154
14690
1
9154
14690
1
9162
14690
1
9179
14690
1
9179
14690
1
9196
14690
1
9196
14690
1
9204
14690
1
9221
14690
1
9221
14690
1
9238
14690
1
9238
14690
1
9246
14690
1
9262
14690
1
9262
14690
1
9279
14690
1
9279
14690
1
9287
14690
1
9304
14690
1
9304
14690
1
9320
14690
1
9320
14690
1
9328
14690
1
9345
14690
1
9345
14690
1
9362
14690
1
9362
14690
1
9370
14690
1
9386
14690
1
9386
14690
1
9403
14690
1
9403
14690
1
9411
14690
1
9428
14690
1
9428
14690
1
9445
14690
1
9445
14690
1
9453
14690
1
9470
14690
1
9470
14690
1
9486
14690
1
9486
14690
1
9494
14690
1
9511
14690
1
9511
14690
1
9527
14690
1
9527
14690
1
9536
14690
1
9553
14690
1
9553
14690
1
9569
14690
1
9569
14690
1
9578
14690
1
9594
14690
1
9594
14690
1
9610
14690
1
9610
14690
1
9618
14690
1
9636
14690
1
9636
14690
1
9652
14690
1
9652
14690
1
9660
14690
1
9677
14690
1
9677
14690
1
9693
14690
1
9693
14690
1
9701
14690
1
9718
14690
1
9718
14690
1
9735
14690
1
9735
14690
1
9743
14690
1
9760
14690
1
9760
14690
1
9777
14690
1
9777
14690
1
9785
14690
1
9802
14690
1
9802
14690
1
9819
14690
1
9819
14690
1
9827
14690
1
9843
14690
1
9843
14690
1
9860
14690
1
9860
14690
1
9868
14690
1
9885
14690
1
9885
14690
1
9901
14690
1
9901
14690
1
9910
14690
1
9926
14690
1
9926
14690
1
9943
14690
1
9943
14690
1
9951
14690
1
9967
14690
1
9967
14690
1
9984
14690
1
9984
14690
1
9992
14690
1
10009
14690
1
10009
14690
1
10025
14690
1
10025
14690
1
10034
14690
1
10051
14690
1
10051
14690
1
10067
14690
1
10067
14690
1
10075
14690
1
10092
14690
1
10092
14690
1
10109
14690
1
10109
14690
1
10116
14690
1
10133
14690
1
10133
14690
1
10150
14690
1
10150
14690
1
10158
14690
1
10175
14690
1
10175
14690
1
10191
14690
1
10191
14690
1
10199
14690
1
10216
14690
1
10216
14690
1
10233
14690
1
10233
14690
1
10241
14690
1
10258
14690
1
10258
14690
1
10274
14690
1
10274
14690
1
10282
14690
1
10299
14690
1
10299
14690
1
10316
14690
1
10316
14690
1
10324
14690
1
10341
14690
1
10341
14690
1
10358
14690
1
10358
14690
1
10366
14690
1
10383
14690
1
10383
14690
1
10399
14690
1
10399
14690
1
10407
14690
1
10424
14690
1
10424
14690
1
10441
14690
1
10441
14690
1
10450
14690
1
10465
14690
1
10465
14690
1
10482
14690
1
10482
14690
1
10490
14690
1
10507
14690
1
10507
14690
1
10524
14690
1
10524
14690
1
10532
14690
1
10548
14690
1
10548
14690
1
10566
14690
1
10566
14690
1
10574
14690
1
10590
14690
1
10590
14690
1
10607
14690
1
10607
14690
1
10615
14690
1
10632
14690
1
10632
14690
1
10648
14690
1
10648
14690
1
10656
14690
1
10673
14690
1
10673
14690
1
10690
14690
1
10690
14690
1
10698
14690
1
10715
14690
1
10715
14690
1
10731
14690
1
10731
14690
1
10739
14690
1
10756
14690
1
10756
14690
1
10773
14690
1
10773
14690
1
10781
14690
1
10798
14690
1
10798
14690
1
10814
14690
1
10814
14690
1
10823
14690
1
10839
14690
1
10839
14690
1
10855
14690
1
10855
14690
1
10864
14690
1
10881
14690
1
10881
14690
1
10897
14690
1
10897
14690
1
10905
14690
1
10922
14690
1
10922
14690
1
10938
14690
1
10938
14690
1
10947
14690
1
10964
14690
1
10964
14690
1
10980
14690
1
10980
14690
1
10989
14690
1
11005
14690
1
11005
14690
1
11021
14690
1
11021
14690
1
11030
14690
1
11046
14690
1
11046
14690
1
11063
14690
1
11063
14690
1
11071
14690
1
11088
14690
1
11088
14690
1
11104
14690
1
11104
14690
1
11112
14690
1
11129
14690
1
11129
14690
1
11146
14690
1
11146
14690
1
11154
14690
1
11170
14690
1
11170
14690
1
11187
14690
1
11187
14690
1
11195
14690
1
11212
14690
1
11212
14690
1
11228
14690
1
11228
14690
1
11237
14690
1
11254
14690
1
11254
14690
1
11270
14690
1
11270
14690
1
11279
14690
1
11294
14690
1
11294
14690
1
11311
14690
1
11311
14690
1
11320
14690
1
11336
14690
1
11336
14690
1
11353
14690
1
11353
14690
1
11361
14690
1
11378
14690
1
11378
14690
1
11394
14690
1
11394
14690
1
11402
14690
1
11420
14690
1
11420
14690
1
11436
14690
1
11436
14690
1
11444
14690
1
11461
14690
1
11461
14690
1
11477
14690
1
11477
14690
1
11485
14690
1
11502
14690
1
11502
14690
1
11519
14690
1
11519
14690
1
11527
14690
1
11544
14690
1
11544
14690
1
11560
14690
1
11560
14690
1
11569
14690
1
11585
14690
1
11585
14690
1
11602
14690
1
11602
14690
1
11610
14690
1
11627
14690
1
11627
14690
1
11642
14690
1
11642
14690
1
11651
14690
1
11667
14690
1
11667
14690
1
11684
14690
1
11684
14690
1
11692
14690
1
11709
14690
1
11709
14690
1
11726
14690
1
11726
14690
1
11734
14690
1
11750
14690
1
11750
14690
1
11767
14690
1
11767
14690
1
11775
14690
1
11792
14690
1
11792
14690
1
11808
14690
1
11808
14690
1
11817
14690
1
11833
14690
1
11833
14690
1
11850
14690
1
11850
14690
1
11858
14690
1
11875
14690
1
11875
14690
1
11891
14690
1
11891
14690
1
11900
14690
1
11915
14690
1
11915
14690
1
11932
14690
1
11932
14690
1
11940
14690
1
11957
14690
1
11957
14690
1
11973
14690
1
11973
14690
1
11982
14690
1
11999
14690
1
11999
14690
1
12015
14690
1
12015
14690
1
12023
14690
1
12040
14690
1
12040
14690
1
12056
14690
1
12056
14690
1
12065
14690
1
12081
14690
1
12081
14690
1
12098
14690
1
12098
14690
1
12106
14690
1
12123
14690
1
12123
14690
1
12139
14690
1
12139
14690
1
12148
14690
1
12164
14690
1
12164
14690
1
12181
14690
1
12181
14690
1
12189
14690
1
12206
14690
1
12206
14690
1
12222
14690
1
12222
14690
1
12230
14690
1
12247
14690
1
12247
14690
1
12263
14690
1
12263
14690
1
12272
14690
1
12289
14690
1
12289
14690
1
12305
14690
1
12314
14690
1
12314
14690
1
12330
14690
1
12330
14690
1
12347
14690
1
12347
14690
1
12355
14690
1
12371
14690
1
12371
14690
1
12388
14690
1
12388
14690
1
12396
14690
1
12413
14690
1
12413
14690
1
12430
14690
1
12430
14690
1
12438
14690
1
12455
14690
1
12455
14690
1
12471
14690
1
12471
14690
1
12478
14690
1
12495
14690
1
12495
14690
1
12512
14690
1
12512
14690
1
12520
14690
1
12537
14690
1
12537
14690
1
12553
14690
1
12553
14690
1
12562
14690
1
12578
14690
1
12578
14690
1
12595
14690
1
12595
14690
1
12603
14690
1
12619
14690
1
12619
14690
1
12636
14690
1
12636
14690
1
12644
14690
1
12661
14690
1
12661
14690
1
12678
14690
1
12678
14690
1
12686
14690
1
12702
14690
1
12702
14690
1
12719
14690
1
12719
14690
1
12727
14690
1
12744
14690
1
12744
14690
1
12760
14690
1
12760
14690
1
12769
14690
1
12785
14690
1
12785
14690
1
12802
14690
1
12802
14690
1
12811
14690
1
12827
14690
1
12827
14690
1
12844
14690
1
12844
14690
1
12852
14690
1
12868
14690
1
12868
14690
1
12885
14690
1
12885
14690
1
12893
14690
1
12910
14690
1
12910
14690
1
12926
14690
1
12926
14690
1
12935
14690
1
12951
14690
1
12951
14690
1
12968
14690
1
12968
14690
1
12976
14690
1
12993
14690
1
12993
14690
1
13009
14690
1
13009
14690
1
13017
14690
1
13034
14690
1
13034
14690
1
13050
14690
1
13050
14690
1
13058
14690
1
13076
14690
1
13076
14690
1
13092
14690
1
13092
14690
1
13100
14690
1
13117
14690
1
13117
14690
1
13133
14690
1
13133
14690
1
13142
14690
1
13158
14690
1
13158
14690
1
13175
14690
6
13175
14690
6
13191
14690
6
13199
14690
6
13199
14690
6
13217
14690
6
13217
14690
6
13224
14690
6
13241
14690
6
13241
14690
6
13257
14690
6
13257
14690
6
13266
14690
6
13282
14690
6
13282
14690
6
13297
14690
6
13297
14690
6
13305
14690
6
13321
14690
6
13321
14690
6
13335
14690
6
13335
14690
6
13342
14690
6
13357
14690
6
13357
14690
6
13371
14690
6
13371
14690
6
13379
14690
6
13394
14690
6
13394
14690
6
13408
14690
6
13408
14690
6
13414
14690
6
13428
14690
6
13428
14690
6
13442
14690
6
13442
14690
6
13449
14690
6
13462
14690
6
13462
14690
6
13476
14690
6
13476
14690
6
13483
14690
6
13498
14690
6
13498
14690
6
13511
14690
6
13511
14690
6
13518
14690
6
13533
14690
6
13533
14690
6
13546
14690
6
13546
14690
6
13554
14690
6
13567
14690
6
13567
14690
6
13581
14690
6
13581
14690
6
13588
14690
6
13602
14690
6
13602
14690
6
13616
14690
6
13616
14690
6
13623
14690
6
13636
14690
6
13636
14690
6
13650
14690
6
13650
14690
6
13657
14690
6
13672
14690
6
13672
14690
6
13686
14690
6
13686
14690
6
13693
14690
6
13707
14690
6
13707
14690
6
13722
14690
6
13722
14690
6
13729
14690
6
13745
14690
6
13745
14690
6
13761
14690
6
13761
14690
6
13769
14690
6
13785
14690
6
13785
14690
6
13801
14690
6
13801
14690
6
13809
14690
6
13825
14690
6
13825
14690
6
13841
14690
6
13841
14690
6
13849
14690
6
13866
14690
6
13866
14690
6
13882
14690
6
13882
14690
6
13890
14690
6
13907
14690
6
13907
14690
6
13923
14690
6
13923
14690
6
13932
14690
6
13948
14690
6
13948
14690
6
13964
14690
6
13964
14690
6
13973
14690
6
13990
14690
6
13990
14690
6
14006
14690
6
14006
14690
6
14015
14690
6
14031
14690
6
14031
14690
6
14048
14690
6
14048
14690
6
14056
14690
6
14073
14690
6
14073
14690
6
14090
14690
1
14090
14690
1
14097
14690
1
14115
14690
1
14115
14690
1
14131
14690
1
14131
14690
1
14139
14690
1
14156
14690
1
14156
14690
1
14172
14690
1
14172
14690
1
14180
14690
1
14198
14690
1
14198
14690
1
14214
14690
1
14214
14690
1
14222
14690
1
14239
14690
1
14239
14690
1
14256
14690
1
14256
14690
1
14263
14690
1
14280
14690
1
14280
14690
1
14296
14690
1
14296
14690
1
14305
14690
1
14321
14690
1
14321
14690
1
14338
14690
1
14338
14690
1
14346
14690
1
14363
14690
1
14363
14690
1
14380
14690
1
14380
14690
1
14388
14690
1
14405
14690
1
14405
14690
1
14421
14690
1
14421
14690
1
14429
14690
1
14446
14690
1
14446
14690
1
14463
14690
1
14463
14690
1
14471
14690
1
14488
14690
1
14488
14690
1
14504
14690
1
14504
14690
1
14512
14690
1
14529
14690
1
14529
14690
1
14545
14690
1
14545
14690
1
14554
14690
6
14570
14690
6
14570
14690
6
14586
14690
6
14586
14690
6
14595
14690
6
14612
14690
6
14612
14690
6
14629
14690
6
14629
14690
6
14636
14690
6
14654
14690
6
14654
14690
6
14670
14690
6
14670
14690
6
14678
14690
6
14694
14690
mDelayMs: 1650000
1
mDelayMs: 11100000
mDelayMs: 1690001
620
14690
6
620
14690
6
628
14690
6
634
14690
6
640
14690
6
646
14690
6
652
14690
6
652
14690
6
664
14690
6
670
14690
6
676
14690
6
676
14690
6
683
14690
6
696
14690
6
703
14690
6
710
14690
6
710
14690
6
717
14690
6
730
14690
6
730
14690
6
745
14690
6
745
14690
6
752
14690
6
766
14690
6
766
14690
6
780
14690
6
780
14690
6
787
14690
6
802
14690
6
810
14690
6
817
14690
6
825
14690
6
832
14690
6
840
14690
6
840
14690
6
856
14690
6
856
14690
6
873
14690
1
881
14690
1
889
14690
1
897
14690
1
897
14690
1
913
14690
1
921
14690
1
930
14690
1
937
14690
1
937
14690
1
945
14690
1
962
14690
1
970
14690
1
979
14690
1
988
14690
1
988
14690
1
1004
14690
1
1012
14690
1
1020
14690
1
1020
14690
1
1029
14690
1
1045
14690
1
1045
14690
1
1062
14690
1
1062
14690
1
1070
14690
1
1087
14690
1
1087
14690
1
1103
14690
1
1103
14690
1
1111
14690
1
1128
14690
1
1128
14690
1
1145
14690
1
1152
14690
1
1161
14690
1
1169
14690
1
1177
14690
1
1186
14690
1
1186
14690
1
1194
14690
1
1211
14690
1
1211
14690
1
1227
14690
1
1227
14690
1
1244
14690
1
1251
14690
1
1260
14690
1
1268
14690
1
1277
14690
6
1285
14690
6
1293
14690
6
1293
14690
6
1310
14690
6
1310
14690
6
1319
14690
6
1334
14690
6
1334
14690
6
1351
14690
6
1359
14690
6
1359
14690
6
1374
14690
6
1382
14690
6
1390
14690
6
1390
14690
6
1399
14690
6
1413
14690
6
1421
14690
6
1428
14690
6
1435
14690
6
1444
14690
6
1451
14690
6
1458
14690
6
1465
14690
6
1472
14690
6
1480
14690
6
1487
14690
6
1494
14690
6
1501
14690
6
1508
14690
6
1508
14690
6
1523
14690
6
1530
14690
6
1538
14690
6
1546
14690
6
1546
14690
6
1561
14690
6
1568
14690
6
1576
14690
6
1576
14690
6
1592
14690
6
1600
14690
6
1608
14690
6
1616
14690
6
1624
14690
1
1624
14690
1
1641
14690
1
1649
14690
1
1657
14690
1
1665
14690
1
1673
14690
1
1681
14690
1
1690
14690
1
1698
14690
1
1706
14690
1
1715
14690
1
1723
14690
1
1731
14690
1
1739
14690
1
1747
14690
1
1756
14690
1
1764
14690
1
1772
14690
1
1780
14690
1
1788
14690
1
1797
14690
1
1805
14690
1
1814
14690
1
1822
14690
1
1829
14690
1
1838
14690
1
1846
14690
1
1855
14690
1
1863
14690
1
1871
14690
1
1880
14690
1
1888
14690
1
1896
14690
1
1904
14690
1
1912
14690
1
1912
14690
1
1929
14690
1
1938
14690
1
1945
14690
1
1954
14690
1
1962
14690
1
1970
14690
1
1979
14690
1
1986
14690
1
1995
14690
1
2003
14690
6
2011
14690
6
2019
14690
6
2028
14690
6
2036
14690
6
2044
14690
6
2053
14690
6
2061
14690
6
2070
14690
6
2078
14690
6
2086
14690
6
2094
14690
6
2102
14690
6
2110
14690
6
2117
14690
6
2125
14690
6
2133
14690
6
2133
14690
6
2133
14690
6
2133
14690
6
2133
14690
6
2133
14690
6
2133
14690
6
2133
14690
6
2133
14690
6
2133
14690
6
2133
14690
6
2133
14690
6
2133
14690
6
2133
14690
6
2133
14690
6
2133
14690
6
2133
14690
6
2133
14690
6
2133
14690
6
2133
14690
6
2133
14690
6
2133
14690
6
2133
14690
6
2133
14690
6
2133
14690
6
2133
14690
6
2133
14690
6
2133
14690
6
2133
14690
6
2133
14690
6
2133
14690
6
2133
14690
6
2133
14690
6
2133
14690
6
2133
14690
6
2133
14690
6
2133
14690
6
[ l_app runner: exit: Athrill2 was shutted down ]
[ l_app runner: duration of running: 36 secs in real-world time ]
