core id num=1
ROM : START=0x0 SIZE=2048
RAM : START=0x200000 SIZE=2048
RAM : START=0x5ff7000 SIZE=10240
RAM : START=0x7ff7000 SIZE=10240
ELF SET CACHE RIGION:addr=0x0 size=159 [KB]
Elf loading was succeeded:0x0 - 0x27fa0 : 159.928 KB
Elf loading was succeeded:0x27fa0 - 0x28504 : 1.356 KB
ELF SYMBOL SECTION LOADED:index=105
ELF SYMBOL SECTION LOADED:sym_num=1573
ELF STRING TABLE SECTION LOADED:index=106
[ l_app runner: V850E2M VCPU is powered on ]
DEBUG_FUNC_VDEV_TX_IPADDR = 172.27.224.1
VDEV:TX IPADDR=172.27.224.1
VDEV:TX PORTNO=54001
DEBUG_FUNC_VDEV_RX_IPADDR = 172.27.234.200
VDEV:RX IPADDR=172.27.234.200
VDEV:RX PORTNO=54002
DEVICE_CONFIG_COMPLEMENTAL_TX_SENDING=1
DEVICE_CONFIG_RESET_AREA_OFFSET=68
DEVICE_CONFIG_RESET_AREA_SIZE=20
DEBUG_FUNC_FT_LOG_SIZE=1024
athrill_device_func_call=0x200558
[ l_app runner: Athrill2 is booted up ]
brick_dri initialized.
_____   ______ ___  ______
/ __/ | / /_  // _ /_  __/
/ _/ | |/ //_ </ , _/ / /
/___/ |___/____/_/|_| /_/

====================>Beta 7<=

Powered by TOPPERS/ASP3 RTOS of Hakoniwa
Initialization is completed..
[ l_app runner: EV3RT is booted up ]
[ l_app runner: EV3RT boot time: 1 secs. ]
mDelayMs: 1000000
mDelayMs: 2000000
0
0
0
0
1
0
0
-2
-1
-2
0
2
3
3
2
1
-1
-2
-4
-3
-1
-1
0
1
3
4
2
2
1
0
-1
-3
-4
-3
-1
0
2
3
3
2
0
-1
-3
-3
-2
-1
-1
1
1
3
3
3
3
2
1
-1
-2
-3
-3
-3
-2
-1
0
2
3
4
3
2
1
-1
-3
-5
-4
-4
-2
-1
1
3
3
5
5
4
3
2
1
-1
-2
-4
-4
-4
-4
-2
-2
0
2
4
5
4
2
2
0
-2
-3
-3
-2
-1
-1
1
3
5
4
3
1
0
0
-2
-3
-4
-4
-3
-3
-1
0
1
3
4
3
2
2
1
-1
-2
-3
-2
-1
0
2
3
3
1
0
-2
-3
-3
-2
-2
-1
-1
1
2
3
4
4
3
2
2
0
-2
-4
-5
-3
-3
-2
-1
1
3
4
3
2
1
-1
-2
-4
-3
-1
1
1
3
1
1
0
-1
-2
-3
-2
-2
-1
0
2
3
5
4
1
1
-1
-4
-4
-2
-2
-1
1
mDelayMs: 2000000
2
3
4
4
2
2
0
0
-2
-3
-3
-1
-1
0
1
1
1
1
0
-3
-3
-2
-2
0
1
1
2
2
1
-1
-1
-2
-2
-1
1
1
1
1
0
-3
-3
-2
-2
-1
2
2
4
4
3
3
3
-1
-1
-1
0
0
-1
-1
0
2
2
2
2
0
-3
-3
-3
-3
-1
2
2
3
3
3
1
1
-2
-2
-3
-4
-4
-2
-2
-1
2
2
3
3
2
1
1
-2
-2
-4
-2
-2
1
1
2
-1
-1
-1
-1
1
3
3
2
2
1
-2
-2
-3
-3
-2
1
1
2
2
0
-3
-3
-2
-2
-2
1
1
0
0
-1
0
0
1
1
1
-1
-1
-1
-1
0
1
1
1
1
-1
-2
-2
-2
-2
-1
1
1
3
3
3
1
1
-1
-1
-3
-1
-1
2
2
4
0
0
-1
-1
-1
0
0
1
1
2
-1
-1
-1
-1
1
4
4
2
2
1
-2
-2
-4
-4
-4
-2
-2
0
0
2
3
3
0
0
0
0
0
mDelayMs: 2000000
-1
-1
-2
2
2
4
4
3
1
1
-1
-1
-3
-3
-3
-2
-2
-1
3
3
3
3
2
0
0
-1
-1
-2
1
1
1
1
1
-2
-2
-3
-3
-3
-1
-1
2
2
4
2
2
1
1
0
-4
-4
-4
-4
-3
1
1
2
2
1
-3
-3
-4
-4
-4
-3
-3
-1
-1
1
5
5
5
5
4
1
1
-1
-1
-3
-1
-1
2
2
3
0
0
-1
-1
0
1
1
0
0
-1
-2
-2
1
1
3
1
1
-1
-1
-3
-3
-3
-1
-1
0
3
3
4
4
4
2
2
-1
-1
-3
-1
-1
2
2
3
2
2
-1
-1
-3
-3
-3
-1
-1
-1
3
3
5
5
5
3
3
-1
-1
-2
-1
-1
2
2
4
2
2
-1
-1
-3
-1
-1
0
0
1
2
2
1
1
-1
-2
-2
0
0
1
0
0
-1
-1
0
0
0
0
0
1
1
1
0
0
-1
-2
-2
0
0
1
1
1
-2
-2
-4
-2
-2
0
0
1
2
2
3
mDelayMs: 2000000
3
2
0
0
-2
-2
-3
-1
-1
0
0
2
2
2
0
0
-2
-2
-2
0
0
2
2
2
1
1
1
-2
-2
-3
-3
-2
0
0
1
1
2
-1
-1
-2
-2
-1
2
2
4
4
4
2
2
-1
-1
-3
-2
-2
0
0
1
2
2
0
0
-2
-2
-2
0
0
0
1
1
1
1
0
-2
-2
-2
-2
0
2
2
1
1
0
-4
-4
-4
-4
-3
0
0
2
2
2
2
2
0
0
-2
-3
-3
0
0
2
1
1
-2
-2
-4
-2
-2
-1
-1
1
3
3
4
4
3
0
0
-1
-1
-1
-1
-1
2
2
4
2
2
-1
-1
-3
-1
-1
2
2
3
4
4
1
1
0
-3
-3
-3
-3
-2
0
0
3
3
4
1
1
-3
-3
-4
-3
-3
-1
-1
-1
3
3
4
4
5
3
3
1
1
-1
-4
-4
-2
-2
-1
1
1
1
1
0
-3
-3
-2
-2
-2
1
1
2
2
2
0
0
-2
-2
-3
-1
-1
3
3
mDelayMs: 2000000
5
2
2
0
0
-2
-3
-3
-3
-3
-2
0
0
2
2
3
1
1
-1
-1
-2
0
0
1
1
0
-2
-2
-2
-2
-2
1
1
1
1
0
-2
-2
-1
-1
0
4
4
4
4
3
1
1
-1
-1
-3
-4
-4
-3
-3
-1
1
1
2
2
1
-2
-2
-1
-1
1
4
4
2
2
1
0
0
-3
-3
-3
-3
-3
-1
-1
1
4
4
3
3
2
-1
-1
-1
-1
0
3
3
1
1
0
-2
-2
-1
-1
-1
1
1
2
2
2
0
0
-2
-2
-3
0
0
2
2
1
-1
-1
-1
-1
-1
1
1
2
2
1
-1
-1
-1
-1
0
3
3
3
3
2
0
0
-2
-2
-3
-3
-3
-1
-1
1
3
3
2
2
2
-1
-1
-1
-1
0
3
3
0
0
-1
-1
-1
2
2
2
1
1
-1
-1
-3
-1
-1
2
2
4
2
2
0
0
-1
-4
-4
-3
-3
-3
0
0
2
2
3
0
0
-1
-1
-1
2
2
4
4
3
mDelayMs: 2000000
0
0
-2
-2
-2
0
0
0
0
1
2
2
-2
-2
-4
-2
-2
1
1
1
0
0
0
0
0
-1
-1
1
1
2
0
0
-1
-1
-2
0
0
1
1
2
-1
-1
0
0
1
0
0
0
0
-1
-1
-1
1
1
2
0
0
0
0
-1
0
0
1
1
1
-2
-2
-4
-4
-3
-1
-1
2
2
4
4
4
3
3
1
-1
-1
-2
-2
-1
0
0
2
2
2
0
0
-2
-2
-2
1
1
1
1
0
-3
-3
-2
-2
-1
3
3
4
4
3
1
1
-2
-2
-3
-2
-2
-1
-1
0
3
3
2
2
1
-2
-2
-3
-3
-2
2
2
4
4
3
1
1
-1
-1
-3
-3
-3
-1
-1
0
3
3
3
3
1
-1
-1
-1
-1
0
3
3
2
2
1
-1
-1
-3
-3
-2
-1
-1
2
2
4
4
4
2
2
1
-3
-3
-4
-4
-3
0
0
2
2
3
0
0
-1
-1
-2
0
0
1
1
1
-2
-2
-1
-1
-1
1
mDelayMs: 2000000
1
2
2
3
1
0
-2
-2
-3
-2
-2
0
0
1
2
2
0
0
-2
-2
-2
0
0
1
1
0
-1
-1
-1
1
1
1
1
0
-1
-1
1
1
2
0
0
-1
-1
-2
0
0
1
1
2
-1
-1
-2
-2
-1
2
2
3
3
3
1
1
-2
-2
-3
-2
-1
0
0
2
2
0
-2
-1
0
1
1
0
-1
-1
0
0
1
1
1
0
0
-2
-2
-2
-2
-2
0
0
1
2
1
1
1
0
-2
-2
-1
-1
0
3
3
2
0
0
-1
-1
-1
-1
0
0
0
0
0
0
0
0
0
0
0
0
0
0
0
0
0
0
0
0
0
0
0
0
0
0
0
0
0
0
0
0
0
0
0
0
0
[ l_app runner: exit: Athrill2 was shutted down ]
[ l_app runner: duration of running: 28 secs in real-world time ]
