core id num=1
ROM : START=0x0 SIZE=2048
RAM : START=0x200000 SIZE=2048
RAM : START=0x5ff7000 SIZE=10240
RAM : START=0x7ff7000 SIZE=10240
ELF SET CACHE RIGION:addr=0x0 size=160 [KB]
Elf loading was succeeded:0x0 - 0x2825c : 160.604 KB
Elf loading was succeeded:0x2825c - 0x287e8 : 1.396 KB
ELF SYMBOL SECTION LOADED:index=105
ELF SYMBOL SECTION LOADED:sym_num=1583
ELF STRING TABLE SECTION LOADED:index=106
[ l_app runner: V850E2M VCPU is powered on ]
DEBUG_FUNC_VDEV_TX_IPADDR = 172.27.224.1
VDEV:TX IPADDR=172.27.224.1
VDEV:TX PORTNO=54001
DEBUG_FUNC_VDEV_RX_IPADDR = 172.27.234.200
VDEV:RX IPADDR=172.27.234.200
VDEV:RX PORTNO=54002
DEVICE_CONFIG_COMPLEMENTAL_TX_SENDING=1
DEVICE_CONFIG_RESET_AREA_OFFSET=68
DEVICE_CONFIG_RESET_AREA_SIZE=20
DEBUG_FUNC_FT_LOG_SIZE=1024
athrill_device_func_call=0x200580
[ l_app runner: Athrill2 is booted up ]
brick_dri initialized.
_____   ______ ___  ______
/ __/ | / /_  // _ /_  __/
/ _/ | |/ //_ </ , _/ / /
/___/ |___/____/_/|_| /_/

====================>Beta 7<=

Powered by TOPPERS/ASP3 RTOS of Hakoniwa
Initialization is completed..
[ l_app runner: EV3RT is booted up ]
[ l_app runner: EV3RT boot time: 1 secs. ]
mDelayMs: 1000000
mDelayMs: 8600000
-1
0
0
1
3
8
13
18
23
28
33
38
42
45
49
53
57
62
63
65
68
71
75
80
85
90
94
98
102
106
110
114
117
121
124
127
130
133
136
140
144
148
152
156
160
164
169
173
178
182
186
190
194
198
203
207
211
215
219
223
227
232
236
240
244
248
252
257
261
265
269
273
278
282
286
290
294
299
303
307
311
315
320
324
328
332
336
340
345
349
353
357
361
366
370
374
378
383
387
391
395
399
403
408
412
416
420
424
429
433
437
441
445
450
454
458
462
466
471
475
479
483
487
492
496
500
504
508
513
517
521
525
529
533
538
542
546
550
554
559
563
567
571
575
580
584
588
592
596
601
605
609
613
617
622
626
630
634
638
643
647
651
655
659
664
668
672
676
680
685
689
693
697
701
706
710
714
718
722
726
731
735
739
743
747
752
756
760
764
768
773
777
781
785
789
794
798
802
806
810
815
819
827
827
831
840
840
848
848
852
861
861
869
869
873
882
882
890
890
894
903
903
911
911
915
924
924
932
932
936
940
945
953
953
957
966
966
974
974
978
987
987
995
995
999
1008
1008
1016
1016
1020
1029
1029
1037
1037
1041
1049
1049
1058
1058
1062
1071
1071
1079
1079
1083
1091
1091
1100
1100
1104
1113
1113
1121
1121
1125
1133
1133
1142
1142
1146
1154
1154
1163
1163
1167
1175
1175
1184
1184
1188
1196
1196
1205
1205
1209
1217
1217
1226
1226
1230
1238
1238
1247
1247
1251
1259
1259
1268
1268
1272
1280
1280
1289
1289
1293
1301
1301
1310
1310
1314
1322
1322
1331
1331
1335
1343
1343
1352
1352
1356
1364
1364
1372
1372
1377
1385
1385
1394
1394
1398
1406
1406
1415
1415
1419
1427
1427
1436
1436
1440
1448
1448
1456
1456
1461
1469
1469
1477
1477
1482
1490
1490
1498
1498
1503
1511
1511
1519
1519
1524
1532
1532
1540
1540
1545
1553
1553
1561
1561
1566
1574
1574
1582
1582
1587
1595
1595
1603
1603
1608
1616
1616
1624
1624
1628
1637
1637
1645
1645
1649
1658
1658
1666
1666
1670
1679
1679
1687
1687
1691
1700
1700
1708
1708
1712
1721
1721
1729
1729
1733
1742
1742
1750
1750
1754
1763
1763
1771
1771
1775
1784
1784
1792
1792
1796
1805
1805
1813
1813
1817
1826
1826
1834
1834
1838
1847
1847
1855
1855
1859
1868
1868
1876
1876
1880
1889
1889
1897
1897
1901
1910
1910
1918
1918
1922
1931
1931
1939
1939
1943
1952
1952
1960
1960
1964
1973
1973
1981
1981
1985
1993
1993
2002
2002
2006
2014
2014
2023
2023
2027
2035
2035
2044
2044
2048
2056
2056
2065
2065
2069
2077
2077
2086
2086
2090
2098
2098
2107
2107
2111
2119
2119
2128
2128
2132
2140
2140
2149
2149
2153
2161
2161
2170
2170
2174
2182
2182
2191
2191
2195
2203
2203
2212
2212
2216
2224
2224
2233
2233
2237
2245
2245
2254
2254
2258
2266
2266
2275
2275
2279
2287
2287
2295
2295
2300
2308
2308
2317
2317
2321
2329
2329
2337
2337
2342
2350
2350
2358
2358
2363
2371
2371
2379
2379
2384
2392
2392
2400
2400
2405
2413
2413
2421
2421
2426
2434
2434
2442
2442
2447
2455
2455
2463
2463
2468
2476
2476
2484
2484
2489
2497
2497
2505
2505
2509
2518
2518
2526
2526
2530
2539
2539
2547
2547
2551
2560
2560
2568
2568
2572
2581
2581
2589
2589
2593
2602
2602
2610
2610
2614
2623
2623
2631
2631
2635
2644
2644
2652
2652
2656
2665
2665
2673
2673
2677
2686
2686
2694
2694
2698
2707
2707
2715
2715
2719
2728
2728
2736
2736
2740
2749
2749
2757
2757
2761
2770
2770
2778
2778
2782
2791
2791
2799
2799
2803
2812
2812
2820
2820
2824
2832
2832
2841
2841
2845
2854
2854
2862
2862
2866
2874
2874
2883
2883
2887
2895
2895
2904
2904
2908
2916
2916
2925
2925
2929
2937
2937
2946
2946
2950
2958
2958
2967
2967
2971
2979
2979
2988
2988
2992
3000
3000
3009
3009
3013
3021
3021
3030
3030
3034
3042
3042
3051
3051
3055
3063
3063
3072
3072
3076
3084
3084
3093
3093
3097
3105
3105
3114
3114
3118
3126
3126
3134
3134
3139
3147
3147
3156
3156
3160
3168
3168
3177
3177
3181
3189
3189
3197
3197
3202
3210
3210
3218
3218
3223
3231
3231
3239
3239
3244
3252
3252
3260
3260
3265
3273
3273
3281
3281
3286
3294
3294
3302
3302
3307
3315
3315
3323
3323
3328
3336
3336
3344
3344
3349
3357
3357
3365
3365
3370
3378
3378
3386
3386
3390
3399
3399
3407
3407
3411
3420
3420
3428
3428
3432
3441
3441
3449
3449
3453
3462
3462
3470
3470
3474
3483
3483
3491
3491
3495
3504
3504
3512
3512
3516
3525
3525
3533
3533
3537
3546
3546
3554
3554
3558
3567
3567
3575
3575
3579
3588
mDelayMs: 250000
mDelayMs: 1500000
4
4
8
17
17
27
27
31
39
39
47
47
50
58
58
66
66
70
77
77
84
84
88
95
95
103
103
106
114
114
122
122
126
134
134
143
143
147
155
155
163
163
168
176
176
185
185
189
197
197
206
206
210
218
218
227
227
231
239
239
248
248
252
260
260
269
269
273
281
281
290
290
294
302
302
311
311
315
323
323
332
332
336
344
344
353
353
357
365
365
374
374
378
386
386
395
395
399
407
407
416
416
420
428
428
436
436
441
449
449
457
457
462
470
470
479
479
483
491
491
499
499
504
512
512
520
520
525
533
533
541
541
546
554
554
562
562
567
575
575
583
583
588
596
596
604
604
608
617
617
625
mDelayMs: 315000
mDelayMs: 8600000
4
4
13
13
17
26
26
35
35
39
47
47
55
55
59
67
67
75
75
78
86
86
94
94
98
106
106
113
113
117
125
125
134
134
138
146
146
154
154
159
167
167
176
176
180
188
188
197
197
201
209
209
218
218
222
230
230
239
239
243
251
251
259
259
264
272
272
281
281
285
293
293
302
302
306
314
314
323
323
327
335
335
343
343
348
356
356
364
364
369
377
377
385
385
390
398
398
406
406
411
419
419
427
427
432
440
440
448
448
453
461
461
469
469
474
482
482
490
490
495
503
503
511
511
516
524
524
532
532
536
545
545
553
553
557
566
566
574
574
578
587
587
595
595
599
608
608
616
616
620
629
629
637
637
641
650
650
658
658
662
671
671
679
679
683
692
692
700
700
704
713
713
721
721
725
734
734
742
742
746
755
755
763
763
767
776
776
784
784
788
797
797
805
805
809
818
818
826
826
830
839
839
847
847
851
860
860
868
868
872
880
880
889
889
893
902
902
910
910
914
922
922
931
931
935
943
943
952
952
956
964
964
973
973
977
985
985
994
994
998
1006
1006
1015
1015
1019
1027
1027
1036
1036
1040
1048
1048
1057
1057
1061
1069
1069
1078
1078
1082
1090
1090
1099
1099
1103
1111
1111
1120
1120
1124
1132
1132
1141
1141
1145
1153
1153
1162
1162
1166
1174
1174
1182
1182
1187
1195
1195
1204
1204
1208
1216
1216
1225
1225
1229
1237
1237
1245
1245
1250
1258
1258
1266
1266
1271
1279
1279
1287
1287
1292
1300
1300
1308
1308
1313
1321
1321
1329
1329
1334
1342
1342
1350
1350
1355
1363
1363
1371
1371
1376
1384
1384
1392
1392
1397
1405
1405
1413
1413
1417
1426
1426
1434
1434
1438
1447
1447
1455
1455
1459
1468
1468
1476
1476
1480
1489
1489
1497
1497
1501
1510
1510
1518
1518
1522
1531
1531
1539
1539
1543
1552
1552
1560
1560
1564
1573
1573
1581
1581
1585
1594
1594
1602
1602
1606
1615
1615
1623
1623
1627
1636
1636
1644
1644
1648
1657
1657
1665
1665
1669
1678
1678
1686
1686
1690
1699
1699
1707
1711
1711
1720
1720
1728
1728
1732
1740
1740
1749
1749
1753
1762
1762
1770
1770
1774
1782
1782
1791
1791
1795
1803
1803
1812
1812
1816
1824
1824
1833
1833
1837
1845
1845
1854
1854
1858
1866
1866
1875
1875
1879
1887
1887
1896
1896
1900
1908
1908
1917
1917
1921
1929
1929
1929
1929
1929
1929
1929
1929
1929
1929
1929
1929
1929
1929
1929
1929
1929
1929
1929
1929
1929
1929
1929
1929
1929
1929
1929
1929
1929
1929
1929
1929
1929
1929
1929
1929
1929
1929
1929
1929
1929
1929
1929
1929
1929
1929
1929
1929
1929
1929
1929
1929
1929
1929
1929
1929
1929
1929
1929
1929
1929
1929
1929
1929
1929
1929
1929
1929
1929
1929
1929
1929
1929
1929
1929
1929
1929
1929
1929
[ l_app runner: exit: Athrill2 was shutted down ]
[ l_app runner: duration of running: 31 secs in real-world time ]
