core id num=1
ROM : START=0x0 SIZE=2048
RAM : START=0x200000 SIZE=2048
RAM : START=0x5ff7000 SIZE=10240
RAM : START=0x7ff7000 SIZE=10240
ELF SET CACHE RIGION:addr=0x0 size=159 [KB]
Elf loading was succeeded:0x0 - 0x27ff4 : 159.1012 KB
Elf loading was succeeded:0x27ff4 - 0x28588 : 1.404 KB
ELF SYMBOL SECTION LOADED:index=105
ELF SYMBOL SECTION LOADED:sym_num=1582
ELF STRING TABLE SECTION LOADED:index=106
[ l_app runner: V850E2M VCPU is powered on ]
DEBUG_FUNC_VDEV_TX_IPADDR = 172.27.224.1
VDEV:TX IPADDR=172.27.224.1
VDEV:TX PORTNO=54001
DEBUG_FUNC_VDEV_RX_IPADDR = 172.27.234.200
VDEV:RX IPADDR=172.27.234.200
VDEV:RX PORTNO=54002
DEVICE_CONFIG_COMPLEMENTAL_TX_SENDING=1
DEVICE_CONFIG_RESET_AREA_OFFSET=68
DEVICE_CONFIG_RESET_AREA_SIZE=20
DEBUG_FUNC_FT_LOG_SIZE=1024
athrill_device_func_call=0x200588
[ l_app runner: Athrill2 is booted up ]
brick_dri initialized.
_____   ______ ___  ______
/ __/ | / /_  // _ /_  __/
/ _/ | |/ //_ </ , _/ / /
/___/ |___/____/_/|_| /_/

====================>Beta 7<=

Powered by TOPPERS/ASP3 RTOS of Hakoniwa
Initialization is completed..
[ l_app runner: EV3RT is booted up ]
[ l_app runner: EV3RT boot time: 0 secs. ]
[ l_app runner: exit: Athrill2 was shutted down ]
[ l_app runner: duration of running: 48 secs in real-world time ]
