core id num=1
ROM : START=0x0 SIZE=2048
RAM : START=0x200000 SIZE=2048
RAM : START=0x5ff7000 SIZE=10240
RAM : START=0x7ff7000 SIZE=10240
ELF SET CACHE RIGION:addr=0x0 size=160 [KB]
Elf loading was succeeded:0x0 - 0x28008 : 160.8 KB
Elf loading was succeeded:0x28008 - 0x28578 : 1.368 KB
ELF SYMBOL SECTION LOADED:index=105
ELF SYMBOL SECTION LOADED:sym_num=1573
ELF STRING TABLE SECTION LOADED:index=106
[ l_app runner: V850E2M VCPU is powered on ]
DEBUG_FUNC_VDEV_TX_IPADDR = 172.27.224.1
VDEV:TX IPADDR=172.27.224.1
VDEV:TX PORTNO=54001
DEBUG_FUNC_VDEV_RX_IPADDR = 172.27.234.200
VDEV:RX IPADDR=172.27.234.200
VDEV:RX PORTNO=54002
DEVICE_CONFIG_COMPLEMENTAL_TX_SENDING=1
DEVICE_CONFIG_RESET_AREA_OFFSET=68
DEVICE_CONFIG_RESET_AREA_SIZE=20
DEBUG_FUNC_FT_LOG_SIZE=1024
athrill_device_func_call=0x200564
[ l_app runner: Athrill2 is booted up ]
brick_dri initialized.
_____   ______ ___  ______
/ __/ | / /_  // _ /_  __/
/ _/ | |/ //_ </ , _/ / /
/___/ |___/____/_/|_| /_/

====================>Beta 7<=

Powered by TOPPERS/ASP3 RTOS of Hakoniwa
Initialization is completed..
[ l_app runner: EV3RT is booted up ]
[ l_app runner: EV3RT boot time: 0 secs. ]
mDelayMs: 1000000
-2
14690
mDelayMs: 5000000
-2
14690
36
-2
14690
36
0
14690
36
0
14690
36
2
14690
37
7
14690
37
17
14690
37
27
14690
37
37
14690
37
47
14690
37
57
14690
39
68
14690
37
79
14690
37
89
14690
37
99
14690
37
109
14690
30
115
14690
27
119
14690
34
125
14690
37
133
14690
37
143
14690
37
153
14690
39
164
14690
39
174
14690
39
184
14690
37
195
14690
37
205
14690
41
213
14690
46
220
14690
48
229
14690
45
237
14690
41
245
14690
39
254
14690
39
264
14690
39
274
14690
41
285
14690
39
296
14690
37
305
14690
37
315
14690
32
322
14690
32
332
14690
32
342
14690
32
352
14690
30
361
14690
28
370
14690
27
379
14690
28
386
14690
34
393
14690
39
402
14690
43
410
14690
45
419
14690
46
428
14690
48
437
14690
48
447
14690
50
456
14690
50
466
14690
52
475
14690
52
485
14690
50
494
14690
48
503
14690
45
513
14690
43
522
14690
43
532
14690
41
541
14690
41
551
14690
41
561
14690
41
571
14690
43
580
14690
43
590
14690
43
600
14690
45
609
14690
45
619
14690
45
629
14690
45
639
14690
45
649
14690
45
659
14690
43
670
14690
43
680
14690
43
690
14690
43
700
14690
43
710
14690
43
720
14690
43
730
14690
43
740
14690
45
751
14690
45
761
14690
45
771
14690
45
781
14690
45
791
14690
45
801
14690
45
811
14690
43
822
14690
43
832
14690
43
842
14690
43
852
14690
45
863
14690
45
873
14690
45
883
14690
45
893
14690
45
903
14690
45
913
14690
43
924
14690
43
934
14690
43
944
14690
43
954
14690
43
964
14690
45
975
14690
45
985
14690
45
995
14690
45
1005
14690
45
1015
14690
45
1025
14690
43
1036
14690
43
1046
14690
43
1056
14690
43
1066
14690
45
1077
14690
45
1087
14690
45
1097
14690
45
1107
14690
45
1117
14690
45
1127
14690
43
1138
14690
43
1148
14690
43
1158
14690
43
1168
14690
45
1179
14690
45
1189
14690
45
1199
14690
45
1209
14690
45
1219
14690
45
1229
14690
45
1239
14690
43
1250
14690
43
1260
14690
43
1270
14690
45
1281
14690
45
1291
14690
45
1301
14690
45
1311
14690
45
1321
14690
45
1331
14690
45
1341
14690
43
1352
14690
43
1362
14690
43
1372
14690
45
1383
14690
45
1393
14690
45
1403
14690
45
1413
14690
45
1423
14690
45
1433
14690
45
1443
14690
43
1454
14690
43
1464
14690
43
1474
14690
43
1484
14690
45
1495
14690
45
1505
14690
45
1515
14690
45
1525
14690
45
1535
14690
45
1545
14690
45
1555
14690
43
1566
14690
43
1576
14690
43
1586
14690
45
1597
14690
45
1607
14690
45
1617
14690
45
1627
14690
45
1637
14690
45
1647
14690
45
1657
14690
43
1668
14690
43
1678
14690
43
1699
14690
45
1699
14690
45
1709
14690
45
1719
14690
45
1729
14690
45
1739
14690
45
1749
14690
45
1770
14690
43
1770
14690
43
1780
14690
43
1790
14690
45
1801
14690
45
1821
14690
45
1821
14690
45
1831
14690
45
1851
14690
45
1851
14690
45
1872
14690
43
1872
14690
43
1882
14690
43
1902
14690
43
1902
14690
45
1923
14690
45
1923
14690
45
1933
14690
45
1943
14690
45
1953
14690
45
1974
14690
43
1974
14690
43
1984
14690
43
2004
14690
43
2004
14690
45
2025
14690
45
2025
14690
45
2035
14690
45
2055
14690
45
2055
14690
45
2075
14690
45
2075
14690
43
2086
14690
43
2106
14690
43
2106
14690
45
2127
14690
45
2127
14690
45
2137
14690
45
2157
14690
45
2157
14690
45
2177
14690
45
2177
14690
43
2188
14690
43
2208
14690
43
2208
14690
45
2229
14690
45
2229
14690
45
2239
14690
45
2259
14690
45
2259
14690
45
2279
14690
45
2279
14690
45
2289
14690
43
2310
14690
43
2310
14690
45
2331
14690
45
2331
14690
45
2341
14690
45
2361
14690
45
2361
14690
45
2381
14690
45
2381
14690
45
2391
14690
43
2412
14690
43
2412
14690
45
2433
14690
45
2433
14690
45
2443
14690
45
2463
14690
45
2463
14690
45
2483
14690
45
2483
14690
45
2493
14690
43
2514
14690
43
2514
14690
45
2535
14690
45
2535
14690
45
2545
14690
45
2565
14690
45
2565
14690
45
2585
14690
45
2585
14690
45
2595
14690
43
2616
14690
43
2616
14690
43
2636
14690
43
2636
14690
45
2647
14690
45
2667
14690
45
2667
14690
45
2687
14690
45
2687
14690
45
2697
14690
43
2718
14690
43
2718
14690
43
2738
14690
43
2738
14690
45
2749
14690
45
2769
14690
45
2769
14690
45
2789
14690
45
2789
14690
45
2799
14690
43
2820
14690
43
2820
14690
43
2840
14690
43
2840
14690
45
2851
14690
45
2871
14690
45
2871
14690
45
2891
14690
45
2891
14690
45
2901
14690
45
2921
14690
45
2921
14690
43
2942
14690
43
2942
14690
45
2953
14690
45
2973
14690
45
2973
14690
45
2993
14690
45
2993
14690
45
3003
14690
45
3023
14690
45
3023
14690
43
3044
14690
43
3044
14690
43
3054
14690
45
3075
14690
45
3075
14690
45
3095
14690
45
3095
14690
45
3105
14690
45
3125
14690
45
3125
14690
43
3146
14690
43
3146
14690
43
3156
14690
45
3177
14690
45
3177
14690
45
3197
14690
45
3197
14690
45
3207
14690
45
3227
14690
45
3227
14690
43
3248
14690
43
3248
14690
43
3258
14690
45
3279
14690
45
3279
14690
45
3299
14690
45
3299
14690
45
3309
14690
45
3329
14690
45
3329
14690
43
3350
14690
43
3350
14690
43
3360
14690
45
3381
14690
45
3381
14690
45
3401
14690
45
3401
14690
45
3411
14690
45
3431
14690
45
3431
14690
43
3452
14690
43
3452
14690
43
3462
14690
45
3483
14690
45
3483
14690
45
3503
14690
45
3503
14690
45
3513
14690
45
3533
14690
45
3533
14690
45
3553
14690
45
3553
14690
43
3564
14690
45
3585
14690
45
3585
14690
45
3605
14690
45
3605
14690
45
3615
14690
45
3635
14690
45
3635
14690
45
3655
14690
45
3655
14690
43
3666
14690
45
3687
14690
45
3687
14690
45
3707
14690
45
3707
14690
45
3717
14690
45
3737
14690
45
3737
14690
45
3757
14690
45
3757
14690
43
3768
14690
43
3788
14690
43
3788
14690
45
3809
14690
45
3809
14690
45
3819
14690
45
3839
14690
45
3839
14690
45
3859
14690
45
3859
14690
45
3869
14690
43
3890
14690
43
3890
14690
45
3911
14690
45
3911
14690
45
3921
14690
45
3941
14690
45
3941
14690
45
3961
14690
45
3961
14690
45
3971
14690
43
3992
14690
43
3992
14690
45
4013
14690
45
4013
14690
45
4023
14690
45
4043
14690
45
4043
14690
45
4063
14690
45
4063
14690
45
4073
14690
43
4094
14690
43
4094
14690
45
4115
14690
45
4115
14690
45
4125
14690
45
4145
14690
45
4145
14690
45
4165
14690
45
4165
14690
45
4175
14690
43
4196
14690
43
4196
14690
45
4217
14690
45
4217
14690
45
4227
14690
45
4247
14690
45
4247
14690
45
4267
14690
45
4267
14690
45
4277
14690
43
4298
14690
43
4298
14690
45
4319
14690
45
4319
14690
45
4329
14690
45
4349
14690
45
4349
14690
45
4369
14690
45
4369
14690
45
4379
14690
43
4400
14690
43
4400
14690
45
4421
14690
45
4421
14690
45
4431
14690
45
4451
14690
45
4451
14690
45
4471
14690
45
4471
14690
45
4481
14690
45
4501
14690
45
4501
14690
43
4522
14690
43
4522
14690
45
4533
14690
45
4553
14690
45
4553
14690
45
4573
14690
45
4573
14690
45
4583
14690
45
4603
14690
45
4603
14690
43
4624
14690
43
4624
14690
45
4635
14690
45
4655
14690
45
4655
14690
45
4675
14690
45
4675
14690
45
4685
14690
45
4705
14690
45
4705
14690
43
4726
14690
43
4726
14690
45
4737
14690
45
4757
14690
45
4757
14690
45
4777
14690
45
4777
14690
45
4787
14690
45
4807
14690
45
4807
14690
43
4828
14690
43
4828
14690
43
4838
14690
45
4859
14690
45
4859
14690
45
4879
14690
45
4879
14690
45
4889
14690
45
4909
14690
45
4909
14690
43
4930
14690
43
4930
14690
43
4940
14690
45
4961
14690
45
4961
14690
45
4981
14690
45
4981
14690
45
4991
14690
45
mDelayMs: 2000000
5011
14690
45
5011
14690
43
5032
14690
43
5032
14690
43
5042
14690
45
5063
14690
45
5063
14690
45
5083
14690
45
5083
14690
45
5093
14690
45
5113
14690
45
5113
14690
45
5133
14690
45
5133
14690
43
5144
14690
45
5165
14690
45
5165
14690
45
5185
14690
45
5185
14690
45
5195
14690
45
5215
14690
45
5215
14690
45
5235
14690
45
5235
14690
43
5246
14690
45
5267
14690
45
5267
14690
45
5287
14690
45
5287
14690
45
5297
14690
45
5317
14690
45
5317
14690
45
5337
14690
45
5337
14690
43
5348
14690
45
5369
14690
45
5369
14690
45
5389
14690
45
5389
14690
45
5399
14690
45
5419
14690
45
5419
14690
45
5439
14690
45
5439
14690
45
5449
14690
45
5471
14690
45
5471
14690
45
5491
14690
45
5491
14690
45
5501
14690
45
5521
14690
45
5521
14690
45
5541
14690
45
5541
14690
45
5551
14690
45
5573
14690
45
5573
14690
45
5593
14690
45
5593
14690
45
5603
14690
45
5623
14690
45
5623
14690
45
5643
14690
45
5643
14690
45
5653
14690
43
5674
14690
43
5674
14690
45
5695
14690
45
5695
14690
45
5705
14690
45
5725
14690
45
5725
14690
45
5745
14690
45
5745
14690
45
5755
14690
43
5776
14690
43
5776
14690
45
5797
14690
45
5797
14690
45
5807
14690
45
5827
14690
45
5827
14690
45
5847
14690
45
5847
14690
45
5857
14690
43
5878
14690
43
5878
14690
45
5899
14690
45
5899
14690
45
5909
14690
45
5929
14690
45
5929
14690
45
5949
14690
45
5949
14690
45
5959
14690
43
5980
14690
43
5980
14690
45
6001
14690
45
6001
14690
45
6011
14690
45
6031
14690
45
6031
14690
45
6051
14690
45
6051
14690
45
6061
14690
45
6081
14690
45
6081
14690
45
6103
14690
45
6103
14690
45
6113
14690
45
6133
14690
45
6133
14690
45
6153
14690
45
6153
14690
45
6163
14690
45
6183
14690
45
6183
14690
45
6205
14690
45
6205
14690
45
6215
14690
45
6235
14690
45
6235
14690
45
6255
14690
45
6255
14690
45
6265
14690
45
6285
14690
45
6285
14690
45
6307
14690
45
6307
14690
45
6317
14690
45
6337
14690
45
6337
14690
45
6357
14690
45
6357
14690
45
6367
14690
45
6387
14690
45
6387
14690
45
6409
14690
45
6409
14690
45
6419
14690
45
6439
14690
45
6439
14690
45
6459
14690
45
6459
14690
45
6469
14690
45
6489
14690
45
6489
14690
43
6510
14690
43
6510
14690
45
6521
14690
45
6541
14690
45
6541
14690
45
6561
14690
45
6561
14690
45
6571
14690
45
6591
14690
45
6591
14690
45
6611
14690
45
6611
14690
45
6623
14690
45
6643
14690
45
6643
14690
45
6663
14690
45
6663
14690
45
6673
14690
45
6693
14690
45
6693
14690
45
6713
14690
45
6713
14690
45
6725
14690
45
6745
14690
45
6745
14690
45
6765
14690
45
6765
14690
45
6775
14690
45
6795
14690
45
6795
14690
45
6815
14690
45
6815
14690
45
6827
14690
45
6847
14690
45
6847
14690
45
6867
14690
45
6867
14690
45
6877
14690
45
6897
14690
45
6897
14690
45
6917
14690
45
6917
14690
45
6927
14690
45
6949
14690
45
6949
14690
45
6969
14690
45
6969
14690
45
6979
14690
45
6999
14690
45
6999
14690
45
7019
14690
45
7019
14690
45
7029
14690
45
7051
14690
45
mDelayMs: 5000000
7051
14690
45
7071
14690
45
7071
14690
45
7081
14690
45
7101
14690
45
7101
14690
45
7121
14690
45
7121
14690
45
7131
14690
45
7153
14690
45
7153
14690
45
7173
14690
45
7173
14690
45
7183
14690
45
7203
14690
45
7203
14690
45
7223
14690
45
7223
14690
45
7233
14690
45
7255
14690
45
7255
14690
45
7275
14690
45
7275
14690
45
7285
14690
45
7305
14690
45
7305
14690
45
7325
14690
45
7325
14690
45
7335
14690
45
7357
14690
45
7357
14690
45
7377
14690
45
7377
14690
45
7387
14690
45
7407
14690
45
7407
14690
45
7427
14690
45
7427
14690
45
7437
14690
45
7459
14690
45
7459
14690
45
7479
14690
45
7479
14690
45
7489
14690
45
7509
14690
45
7509
14690
45
7529
14690
45
7529
14690
45
7539
14690
45
7559
14690
45
7559
14690
45
7581
14690
45
7581
14690
45
7591
14690
45
7611
14690
45
7611
14690
45
7631
14690
45
7631
14690
45
7641
14690
45
7661
14690
45
7661
14690
45
7683
14690
45
7683
14690
45
7693
14690
45
7713
14690
45
7713
14690
45
7733
14690
45
7733
14690
45
7743
14690
45
7763
14690
45
7763
14690
45
7785
14690
45
7785
14690
45
7795
14690
45
7815
14690
45
7815
14690
45
7835
14690
45
7835
14690
45
7845
14690
45
7865
14690
45
7865
14690
45
7887
14690
45
7887
14690
45
7897
14690
45
7917
14690
45
7917
14690
45
7937
14690
45
7937
14690
45
7947
14690
45
7967
14690
45
7967
14690
45
7989
14690
45
7989
14690
45
7999
14690
45
8019
14690
45
8019
14690
45
8039
14690
45
8039
14690
45
8049
14690
45
8069
14690
45
8069
14690
45
8091
14690
45
8091
14690
45
8101
14690
45
8121
14690
45
8121
14690
45
8141
14690
45
8141
14690
45
8151
14690
45
8171
14690
45
8171
14690
45
8193
14690
45
8193
14690
45
8203
14690
45
8223
14690
45
8223
14690
45
8243
14690
45
8243
14690
45
8253
14690
45
8273
14690
45
8273
14690
45
8293
14690
45
8293
14690
45
8305
14690
45
8325
14690
45
8325
14690
45
8345
14690
45
8345
14690
45
8355
14690
45
8375
14690
45
8375
14690
45
8395
14690
45
8395
14690
45
8407
14690
45
8427
14690
45
8427
14690
45
8427
14690
45
8427
14690
45
8427
14690
45
8427
14690
45
8427
14690
45
8427
14690
45
8427
14690
45
8427
14690
45
8427
14690
45
8427
14690
45
8427
14690
45
8427
14690
45
8427
14690
45
8427
14690
45
8427
14690
45
8427
14690
45
8427
14690
45
8427
14690
45
8427
14690
45
8427
14690
45
8427
14690
45
8427
14690
45
8427
14690
45
8427
14690
45
8427
14690
45
8427
14690
45
8427
14690
45
8427
14690
45
8427
14690
45
8427
14690
45
8427
14690
45
8427
14690
45
8427
14690
45
8427
14690
45
8427
14690
45
8427
14690
45
8427
14690
[ l_app runner: exit: Athrill2 was shutted down ]
[ l_app runner: duration of running: 22 secs in real-world time ]
