core id num=1
ROM : START=0x0 SIZE=2048
RAM : START=0x200000 SIZE=2048
RAM : START=0x5ff7000 SIZE=10240
RAM : START=0x7ff7000 SIZE=10240
ELF SET CACHE RIGION:addr=0x0 size=160 [KB]
Elf loading was succeeded:0x0 - 0x283fc : 160.1020 KB
Elf loading was succeeded:0x283fc - 0x289b8 : 1.444 KB
ELF SYMBOL SECTION LOADED:index=107
ELF SYMBOL SECTION LOADED:sym_num=1599
ELF STRING TABLE SECTION LOADED:index=108
[ l_app runner: V850E2M VCPU is powered on ]
DEBUG_FUNC_VDEV_TX_IPADDR = 172.27.224.1
VDEV:TX IPADDR=172.27.224.1
VDEV:TX PORTNO=54001
DEBUG_FUNC_VDEV_RX_IPADDR = 172.27.234.200
VDEV:RX IPADDR=172.27.234.200
VDEV:RX PORTNO=54002
DEVICE_CONFIG_COMPLEMENTAL_TX_SENDING=1
DEVICE_CONFIG_RESET_AREA_OFFSET=68
DEVICE_CONFIG_RESET_AREA_SIZE=20
DEBUG_FUNC_FT_LOG_SIZE=1024
athrill_device_func_call=0x2005b0
[ l_app runner: Athrill2 is booted up ]
brick_dri initialized.
_____   ______ ___  ______
/ __/ | / /_  // _ /_  __/
/ _/ | |/ //_ </ , _/ / /
/___/ |___/____/_/|_| /_/

====================>Beta 7<=

Powered by TOPPERS/ASP3 RTOS of Hakoniwa
Initialization is completed..
[ l_app runner: EV3RT is booted up ]
[ l_app runner: EV3RT boot time: 0 secs. ]
mDelayMs: 1000000
mDelayMs: 800000
0
-1
0
-1
0
-1
0
-6
0
-5
0
-5
0
5
0
1
0
1
0
5
0
8
0
6
0
4
0
0
0
-2
0
-3
0
-4
0
-3
0
-2
0
-5
0
-5
0
-5
0
-3
0
-2
0
0
0
0
0
1
0
0
0
2
0
1
0
-1
0
-1
0
-1
0
0
0
1
0
2
0
2
0
2
0
1
0
3
0
3
0
2
0
-1
0
-4
0
-3
0
-3
0
-4
0
-3
0
0
0
3
0
4
0
4
0
4
0
2
0
-2
0
-4
0
-6
0
-5
0
-1
0
1
0
2
0
4
0
4
0
1
0
-1
0
-3
0
-4
0
-4
0
-2
0
0
0
1
0
2
0
2
0
0
0
0
0
-1
0
-2
0
-3
0
-2
0
-2
0
-2
mDelayMs: 800000
0
-2
0
-2
0
-3
0
5
0
2
0
-4
0
-1
0
-1
0
-2
0
-2
0
-1
0
2
0
5
0
-3
0
-24
0
-39
0
-52
1
-56
1
-61
1
-73
1
-80
1
-79
2
-85
2
-86
2
-79
2
-72
3
-63
3
-55
3
-47
3
-39
3
-31
3
-24
3
-20
3
-15
3
-10
3
-6
3
-1
3
1
3
3
3
6
3
8
3
10
3
11
3
12
3
12
3
14
3
15
3
15
3
13
3
15
3
16
3
20
3
21
3
21
3
23
3
21
2
20
2
19
2
16
2
13
2
11
2
12
2
17
2
21
2
24
2
22
2
18
1
13
1
8
1
2
1
-3
1
-6
1
-5
1
-4
1
-3
0
0
0
1
0
2
0
0
0
-1
0
-3
mDelayMs: 800000
0
-4
0
-5
0
-5
0
1
0
-1
0
-2
0
-2
0
-7
0
-8
0
-13
0
-16
0
-11
0
-11
0
3
0
14
0
2
0
1
0
-2
0
14
0
27
0
39
0
51
1
65
1
85
1
103
2
115
2
128
2
118
3
76
3
55
3
44
3
42
3
31
4
24
4
26
4
29
4
25
4
23
4
20
4
20
4
17
4
12
4
10
4
5
5
5
5
-1
5
-1
5
-5
5
-11
5
-12
5
-7
5
-1
5
0
5
6
5
6
5
7
5
4
5
4
5
-1
5
-1
5
-4
5
-7
5
-8
5
-1
5
-1
5
4
5
7
5
10
5
22
5
22
5
33
5
33
5
35
4
34
4
34
4
34
4
34
4
34
4
35
4
35
4
41
mDelayMs: 800000
4
41
4
43
3
41
3
41
3
44
3
44
3
46
3
51
3
51
3
55
3
55
2
57
2
73
2
73
2
93
2
93
1
95
1
88
1
88
1
0
1
0
1
-31
1
-54
1
-54
1
-75
1
-75
1
-76
2
-86
2
-86
2
-72
2
-72
3
-63
3
-50
3
-50
3
-39
3
-39
3
-33
3
-20
3
-20
3
-14
3
-14
3
-10
3
-5
3
-5
3
0
3
0
3
3
3
4
3
4
3
4
3
4
3
6
3
12
3
12
3
19
3
19
3
19
3
18
3
18
3
17
3
17
3
17
3
15
3
15
3
13
3
13
3
12
2
16
2
16
2
13
2
13
2
7
2
0
2
0
2
-10
2
-10
2
-8
1
-3
1
-3
1
-4
1
-4
mDelayMs: 8400000
1
-9
1
-13
1
-13
0
-6
0
-6
0
-6
0
-9
0
-9
0
-14
0
-14
0
-14
0
-24
0
-24
0
-30
0
-30
0
-30
0
-19
0
-19
0
-5
0
-5
0
22
0
41
0
41
0
2
0
2
0
-21
0
-62
0
-62
-1
-47
-1
-47
-1
-25
-1
1
-1
1
-1
-5
-1
-5
-1
-14
-1
-15
-1
-15
-1
-19
-1
-19
-1
-22
-2
-13
-2
-13
-2
-11
-2
-11
-2
-13
-2
-12
-2
-12
-2
-3
-2
-3
-2
-5
-2
-4
-2
-4
-1
2
-1
2
-1
8
-1
15
-1
15
-1
10
-1
10
-1
8
-1
5
-1
5
-1
-1
-1
-1
-1
-2
-1
-4
-1
-4
-1
-1
-1
-1
-1
0
-1
4
-1
4
-1
6
-1
6
-1
5
-1
6
-1
6
-1
6
-1
6
-1
6
-1
6
-1
6
-1
7
-1
7
-1
7
-1
5
-1
5
-1
4
-1
4
-1
4
-1
4
-1
4
-1
4
-1
4
-1
3
0
3
0
3
0
3
0
3
0
3
0
2
0
2
0
2
0
2
0
1
0
1
0
1
0
1
0
1
0
2
0
1
0
1
0
0
0
0
0
0
0
0
0
0
0
0
0
0
0
1
0
0
0
0
0
23
0
23
-1
51
-1
100
-1
100
-2
128
-2
128
-3
127
-4
125
-4
125
-5
123
-5
123
-5
123
-6
123
-6
123
-7
124
-7
124
-8
124
-9
131
-9
131
-10
147
-10
147
-10
155
-11
166
-11
166
-11
171
-11
171
-12
172
-12
175
-12
175
-12
179
-12
179
-12
181
-13
187
-13
187
-13
192
-13
192
-12
192
-13
181
-13
181
-13
209
-13
209
-13
233
-14
247
-14
247
-14
268
-14
268
-14
276
-14
282
-14
282
-14
281
-14
281
-14
280
-14
275
-14
275
-14
269
-14
269
-14
266
-14
261
-14
261
-14
255
-14
255
-14
253
-14
249
-14
249
-14
253
-14
253
-14
254
-13
259
-13
259
-13
263
-13
263
-13
265
-12
268
-12
268
-12
234
-12
234
-11
182
-10
116
-10
116
-9
96
-9
96
-9
106
-8
111
-8
111
-7
108
-7
108
-7
94
-6
87
-6
87
-5
78
-5
78
-4
72
-3
55
-3
55
-2
57
-2
57
-2
62
0
69
0
69
1
57
1
57
2
42
3
16
3
16
4
4
4
4
5
-2
7
3
7
3
8
0
8
0
9
-8
11
-44
11
-44
13
-65
13
-65
13
-48
15
-26
15
-26
17
-56
17
-56
18
-104
20
-235
20
-235
23
-234
23
-234
24
-231
27
-321
27
-321
30
-371
30
-371
31
-384
34
-424
34
-424
37
-440
37
-440
39
-440
43
-440
43
-440
45
-440
45
-440
46
-440
48
-440
48
-440
50
-440
50
-440
51
-440
53
-440
53
-440
55
-426
55
-426
56
-415
57
-393
57
-393
58
-361
58
-361
59
-358
60
-340
60
-340
61
-321
61
-321
61
-251
61
-185
61
-185
61
-191
61
-191
61
-175
61
-157
61
-157
61
-160
61
-160
60
-161
60
-135
60
-135
59
-73
59
-73
58
-56
57
15
57
15
55
77
55
77
54
56
52
104
52
104
50
198
50
198
49
233
47
309
47
309
44
375
44
375
42
410
40
440
40
440
37
440
37
440
35
440
32
440
32
440
29
440
29
440
28
440
25
440
25
440
22
440
22
440
21
440
18
440
18
440
15
440
15
440
14
440
12
440
12
440
10
440
10
440
9
440
7
440
7
440
6
309
6
309
6
83
6
-24
6
-24
6
-24
6
-29
6
-29
6
25
6
25
6
0
6
0
6
-5
5
28
5
28
5
13
5
13
5
-26
4
17
4
17
4
46
4
46
4
20
3
12
3
12
2
1
2
1
2
57
2
17
2
17
1
15
1
15
1
-6
0
28
0
28
-1
-7
-1
-7
-1
-12
-2
-8
-2
-8
-3
21
-3
21
-3
23
-4
21
-4
21
-5
16
-5
16
-5
20
-6
13
-6
13
-7
19
-7
19
-7
23
-8
28
-8
28
-9
32
-9
32
-10
31
-11
35
-11
35
-12
40
-12
40
-12
30
-13
-41
-13
-41
-14
-136
-14
-136
-14
-174
-14
-212
-14
-212
-13
-208
-13
-208
-13
-205
-13
-124
-13
-124
-14
-36
-14
-36
-14
-42
-14
-83
-14
-83
-14
-132
-14
-132
-14
-151
-14
-171
-14
-171
-14
-174
-14
-174
-14
-172
-13
-175
-13
-175
-13
-139
-13
-139
-13
-130
-12
-140
-12
-140
-12
-152
-12
-152
-12
-157
-11
-156
-11
-156
-10
-156
-10
-156
-10
-158
-9
-159
-9
-159
-8
-161
-8
-161
-8
-164
-7
-168
-7
-168
-6
-172
-6
-172
-5
-173
-4
-179
-4
-179
-3
-187
-3
-187
-2
-191
-1
-198
-1
-198
0
-179
0
-179
1
-175
2
-162
2
-162
3
-156
3
-156
3
-153
4
-148
4
-148
5
-142
5
-142
5
-139
6
-134
6
-134
7
-129
7
-129
8
-126
8
-121
8
-121
9
-117
9
-117
10
-114
10
-110
10
-110
11
-106
11
-106
12
-104
12
-100
12
-100
13
-96
13
-96
13
-95
14
-91
14
-91
15
-88
15
-88
15
-87
16
-84
16
-84
17
-82
17
-82
17
-80
18
-78
18
-78
18
-76
18
-76
19
-75
19
-73
19
-73
20
-71
20
-71
20
-71
21
-69
21
-69
21
-68
21
-68
22
-67
22
-66
22
-66
23
-64
23
-64
23
-64
24
-63
24
-63
24
-62
24
-62
25
-62
25
-61
25
-61
26
-60
26
-60
26
-60
26
-59
26
-59
27
-59
27
-59
27
-58
28
-58
28
-58
28
-57
28
-57
29
-57
29
-57
29
-57
30
-57
30
-57
30
-56
30
-56
30
-56
31
-56
31
-56
31
-56
32
-56
32
-56
32
-56
32
-56
33
-56
33
-56
33
-56
34
-56
34
-56
34
-56
34
-56
34
-56
35
-56
35
-56
35
-56
36
-56
36
-56
36
-56
36
-56
36
-56
36
-56
36
-56
36
-56
36
-56
36
-56
36
-56
36
-56
36
-56
36
-56
36
-56
36
-56
36
-56
36
-56
36
-56
36
-56
36
-56
36
-56
36
-56
36
-56
36
-56
36
-56
36
-56
36
-56
36
-56
36
-56
36
-56
36
-56
36
-56
36
-56
36
-56
36
-56
36
-56
36
-56
36
-56
36
-56
36
-56
36
-56
36
-56
36
-56
36
-56
36
-56
36
-56
36
-56
36
-56
36
-56
36
-56
36
-56
36
-56
36
-56
36
-56
36
-56
36
-56
36
-56
36
-56
36
-56
36
-56
36
-56
36
-56
36
-56
36
-56
36
-56
36
-56
36
-56
36
-56
36
-56
36
-56
36
-56
36
-56
36
-56
[ l_app runner: exit: Athrill2 was shutted down ]
[ l_app runner: duration of running: 24 secs in real-world time ]
